-- Found rosidl_default_generators: 1.2.0 (/opt/ros/humble/share/rosidl_default_generators/cmake)
-- Found ament_cmake_core: 1.3.11 (/opt/ros/humble/share/ament_cmake_core/cmake)
[0mCMake Deprecation Warning at CMakeLists.txt:1 (cmake_minimum_required):
  Compatibility with CMake < 3.10 will be removed from a future version of
  CMake.

  Update the VERSION argument <min> value.  Or, use the <min>...<max> syntax
  to tell CMake that the project requires at least <min> but has been updated
  to work with policies introduced by <max> or earlier.

[0m
-- Using all available rosidl_typesupport_c: rosidl_typesupport_fastrtps_c;rosidl_typesupport_introspection_c
-- Found rosidl_adapter: 3.1.6 (/opt/ros/humble/share/rosidl_adapter/cmake)
-- Using all available rosidl_typesupport_cpp: rosidl_typesupport_fastrtps_cpp;rosidl_typesupport_introspection_cpp
-- Found action_msgs: 1.2.1 (/opt/ros/humble/share/action_msgs/cmake)
-- Found geometry_msgs: 4.2.4 (/opt/ros/humble/share/geometry_msgs/cmake)
[31mCMake Error at /opt/ros/humble/share/rosidl_cmake/cmake/rosidl_generate_interfaces.cmake:93 (message):
  rosidl_generate_interfaces() the passed file 'srv/QuantumPathPlan.srv'
  doesn't exist relative to the CMAKE_CURRENT_SOURCE_DIR
  '/home/sann/ros_ws/src/custom_interfaces'
Call Stack (most recent call first):
  CMakeLists.txt:12 (rosidl_generate_interfaces)

[0m
-- Configuring incomplete, errors occurred!
