[0.019s] Invoking command in '/home/sann/ros_ws/build/ur_client_library': CMAKE_PREFIX_PATH=/opt/ros/humble CONDA_PROMPT_MODIFIER=(base) /home/sann/anaconda3/bin/cmake --build /home/sann/ros_ws/build/ur_client_library -- -j28 -l28
[0.119s] [  1%] [32mBuilding CXX object CMakeFiles/urcl.dir/src/comm/tcp_socket.cpp.o[0m
[0.119s] [  3%] [32mBuilding CXX object CMakeFiles/urcl.dir/src/comm/tcp_server.cpp.o[0m
[0.119s] [  4%] [32mBuilding CXX object CMakeFiles/urcl.dir/src/control/trajectory_point_interface.cpp.o[0m
[0.119s] [  6%] [32mBuilding CXX object CMakeFiles/urcl.dir/src/control/reverse_interface.cpp.o[0m
[0.119s] [  8%] [32mBuilding CXX object CMakeFiles/urcl.dir/src/control/script_command_interface.cpp.o[0m
[0.119s] [ 11%] [32mBuilding CXX object CMakeFiles/urcl.dir/src/control/script_sender.cpp.o[0m
[0.119s] [ 11%] [32mBuilding CXX object CMakeFiles/urcl.dir/src/primary/primary_package.cpp.o[0m
[0.119s] [ 13%] [32mBuilding CXX object CMakeFiles/urcl.dir/src/primary/robot_message.cpp.o[0m
[0.120s] [ 14%] [32mBuilding CXX object CMakeFiles/urcl.dir/src/primary/primary_client.cpp.o[0m
[0.120s] [ 16%] [32mBuilding CXX object CMakeFiles/urcl.dir/src/primary/robot_state.cpp.o[0m
[0.120s] [ 18%] [32mBuilding CXX object CMakeFiles/urcl.dir/src/primary/robot_message/version_message.cpp.o[0m
[0.121s] [ 19%] [32mBuilding CXX object CMakeFiles/urcl.dir/src/primary/robot_state/robot_mode_data.cpp.o[0m
[0.121s] [ 21%] [32mBuilding CXX object CMakeFiles/urcl.dir/src/primary/robot_message/error_code_message.cpp.o[0m
[0.121s] [ 22%] [32mBuilding CXX object CMakeFiles/urcl.dir/src/primary/robot_state/kinematics_info.cpp.o[0m
[0.124s] [ 24%] [32mBuilding CXX object CMakeFiles/urcl.dir/src/rtde/control_package_pause.cpp.o[0m
[0.125s] [ 26%] [32mBuilding CXX object CMakeFiles/urcl.dir/src/rtde/control_package_setup_outputs.cpp.o[0m
[0.125s] [ 27%] [32mBuilding CXX object CMakeFiles/urcl.dir/src/rtde/control_package_setup_inputs.cpp.o[0m
[0.125s] [ 29%] [32mBuilding CXX object CMakeFiles/urcl.dir/src/rtde/control_package_start.cpp.o[0m
[0.126s] [ 31%] [32mBuilding CXX object CMakeFiles/urcl.dir/src/rtde/get_urcontrol_version.cpp.o[0m
[0.126s] [ 32%] [32mBuilding CXX object CMakeFiles/urcl.dir/src/rtde/rtde_package.cpp.o[0m
[0.126s] [ 34%] [32mBuilding CXX object CMakeFiles/urcl.dir/src/rtde/request_protocol_version.cpp.o[0m
[0.126s] [ 36%] [32mBuilding CXX object CMakeFiles/urcl.dir/src/rtde/data_package.cpp.o[0m
[0.127s] [ 37%] [32mBuilding CXX object CMakeFiles/urcl.dir/src/rtde/text_message.cpp.o[0m
[0.127s] [ 39%] [32mBuilding CXX object CMakeFiles/urcl.dir/src/rtde/rtde_client.cpp.o[0m
[0.127s] [ 40%] [32mBuilding CXX object CMakeFiles/urcl.dir/src/ur/ur_driver.cpp.o[0m
[0.128s] [ 44%] [32mBuilding CXX object CMakeFiles/urcl.dir/src/ur/dashboard_client.cpp.o[0m
[0.128s] [ 44%] [32mBuilding CXX object CMakeFiles/urcl.dir/src/ur/calibration_checker.cpp.o[0m
[0.129s] [ 45%] [32mBuilding CXX object CMakeFiles/urcl.dir/src/ur/instruction_executor.cpp.o[0m
[0.900s] [ 47%] [32mBuilding CXX object CMakeFiles/urcl.dir/src/ur/tool_communication.cpp.o[0m
[0.906s] [ 50%] [32mBuilding CXX object CMakeFiles/urcl.dir/src/ur/robot_receive_timeout.cpp.o[0m
[0.906s] [ 50%] [32mBuilding CXX object CMakeFiles/urcl.dir/src/ur/version_information.cpp.o[0m
[0.919s] [ 52%] [32mBuilding CXX object CMakeFiles/urcl.dir/src/rtde/rtde_writer.cpp.o[0m
[0.933s] [ 54%] [32mBuilding CXX object CMakeFiles/urcl.dir/src/default_log_handler.cpp.o[0m
[0.949s] [ 55%] [32mBuilding CXX object CMakeFiles/urcl.dir/src/example_robot_wrapper.cpp.o[0m
[0.951s] [ 57%] [32mBuilding CXX object CMakeFiles/urcl.dir/src/log.cpp.o[0m
[0.989s] [ 59%] [32mBuilding CXX object CMakeFiles/urcl.dir/src/helpers.cpp.o[0m
[5.444s] [ 60%] [32m[1mLinking CXX shared library liburcl.so[0m
[5.614s] [ 60%] Built target urcl
[5.623s] [ 62%] [32mBuilding CXX object examples/CMakeFiles/driver_example.dir/full_driver.cpp.o[0m
[5.623s] [ 63%] [32mBuilding CXX object examples/CMakeFiles/primary_pipeline_example.dir/primary_pipeline.cpp.o[0m
[5.624s] [ 67%] [32mBuilding CXX object examples/CMakeFiles/dashboard_example.dir/dashboard_example.cpp.o[0m
[5.624s] [ 67%] [32mBuilding CXX object examples/CMakeFiles/primary_pipeline_calibration_example.dir/primary_pipeline_calibration.cpp.o[0m
[5.624s] [ 70%] [32mBuilding CXX object examples/CMakeFiles/freedrive_example.dir/freedrive_example.cpp.o[0m
[5.624s] [ 70%] [32mBuilding CXX object examples/CMakeFiles/rtde_client_example.dir/rtde_client.cpp.o[0m
[5.624s] [ 72%] [32mBuilding CXX object examples/CMakeFiles/spline_example.dir/spline_example.cpp.o[0m
[5.625s] [ 75%] [32mBuilding CXX object examples/CMakeFiles/script_sender_example.dir/script_sender.cpp.o[0m
[5.625s] [ 77%] [32mBuilding CXX object examples/CMakeFiles/tool_contact_example.dir/tool_contact_example.cpp.o[0m
[5.625s] [ 77%] [32mBuilding CXX object examples/CMakeFiles/force_mode_example.dir/force_mode_example.cpp.o[0m
[5.625s] [ 78%] [32mBuilding CXX object examples/CMakeFiles/trajectory_point_interface_example.dir/trajectory_point_interface.cpp.o[0m
[5.626s] [ 80%] [32mBuilding CXX object examples/CMakeFiles/instruction_executor.dir/instruction_executor.cpp.o[0m
[6.050s] [ 81%] [32m[1mLinking CXX executable dashboard_example[0m
[6.111s] [ 81%] Built target dashboard_example
[6.262s] [ 83%] [32m[1mLinking CXX executable script_sender_example[0m
[6.327s] [ 83%] Built target script_sender_example
[6.456s] [ 85%] [32m[1mLinking CXX executable force_mode_example[0m
[6.463s] [ 86%] [32m[1mLinking CXX executable primary_pipeline_example[0m
[6.516s] [ 86%] Built target force_mode_example
[6.520s] [ 86%] Built target primary_pipeline_example
[6.595s] [ 88%] [32m[1mLinking CXX executable freedrive_example[0m
[6.598s] [ 90%] [32m[1mLinking CXX executable trajectory_point_interface_example[0m
[6.649s] [ 90%] Built target freedrive_example
[6.656s] [ 91%] [32m[1mLinking CXX executable primary_pipeline_calibration_example[0m
[6.663s] [ 91%] Built target trajectory_point_interface_example
[6.714s] [ 91%] Built target primary_pipeline_calibration_example
[6.739s] [ 93%] [32m[1mLinking CXX executable rtde_client_example[0m
[6.754s] [ 95%] [32m[1mLinking CXX executable tool_contact_example[0m
[6.798s] [ 95%] Built target rtde_client_example
[6.808s] [ 95%] Built target tool_contact_example
[6.865s] [ 96%] [32m[1mLinking CXX executable instruction_executor[0m
[6.926s] [ 98%] [32m[1mLinking CXX executable driver_example[0m
[6.926s] [ 98%] Built target instruction_executor
[6.987s] [ 98%] Built target driver_example
[7.064s] [100%] [32m[1mLinking CXX executable spline_example[0m
[7.125s] [100%] Built target spline_example
