[0.019s] Invoking command in '/home/sann/ros_ws/build/ur_moveit_config': CMAKE_PREFIX_PATH=/opt/ros/humble CONDA_PROMPT_MODIFIER=(base) /home/sann/anaconda3/bin/cmake --build /home/sann/ros_ws/build/ur_moveit_config -- -j28 -l28
[0.175s] Built target ament_cmake_python_symlink_ur_moveit_config
[0.210s] running egg_info
[0.220s] writing ur_moveit_config.egg-info/PKG-INFO
[0.220s] writing dependency_links to ur_moveit_config.egg-info/dependency_links.txt
[0.220s] writing top-level names to ur_moveit_config.egg-info/top_level.txt
[0.250s] reading manifest file 'ur_moveit_config.egg-info/SOURCES.txt'
[0.250s] writing manifest file 'ur_moveit_config.egg-info/SOURCES.txt'
[0.266s] Built target ament_cmake_python_build_ur_moveit_config_egg
[0.270s] Invoked command in '/home/sann/ros_ws/build/ur_moveit_config' returned '0': CMAKE_PREFIX_PATH=/opt/ros/humble CONDA_PROMPT_MODIFIER=(base) /home/sann/anaconda3/bin/cmake --build /home/sann/ros_ws/build/ur_moveit_config -- -j28 -l28
[0.271s] Invoking command in '/home/sann/ros_ws/build/ur_moveit_config': CMAKE_PREFIX_PATH=/opt/ros/humble CONDA_PROMPT_MODIFIER=(base) /home/sann/anaconda3/bin/cmake --install /home/sann/ros_ws/build/ur_moveit_config
[0.335s] -- Install configuration: ""
[0.335s] -- Execute custom install script
[0.336s] -- Symlinking: /home/sann/ros_ws/install/ur_moveit_config/share/ur_moveit_config/config/controllers.yaml
[0.338s] -- Symlinking: /home/sann/ros_ws/install/ur_moveit_config/share/ur_moveit_config/config/joint_limits.yaml
[0.341s] -- Symlinking: /home/sann/ros_ws/install/ur_moveit_config/share/ur_moveit_config/config/kinematics.yaml
[0.343s] -- Symlinking: /home/sann/ros_ws/install/ur_moveit_config/share/ur_moveit_config/config/ompl_planning.yaml
[0.345s] -- Symlinking: /home/sann/ros_ws/install/ur_moveit_config/share/ur_moveit_config/config/ur_servo.yaml
[0.348s] -- Symlinking: /home/sann/ros_ws/install/ur_moveit_config/share/ur_moveit_config/launch/ur_moveit.launch.py
[0.350s] -- Symlinking: /home/sann/ros_ws/install/ur_moveit_config/share/ur_moveit_config/rviz/view_robot.rviz
[0.353s] -- Symlinking: /home/sann/ros_ws/install/ur_moveit_config/share/ur_moveit_config/srdf/ur.srdf.xacro
[0.355s] -- Symlinking: /home/sann/ros_ws/install/ur_moveit_config/share/ur_moveit_config/srdf/ur_macro.srdf.xacro
[0.358s] -- Symlinking: /home/sann/ros_ws/install/ur_moveit_config/share/ur_moveit_config/environment/pythonpath.sh
[0.360s] -- Symlinking: /home/sann/ros_ws/install/ur_moveit_config/share/ur_moveit_config/environment/pythonpath.dsv
[0.363s] -- Symlinking: /home/sann/ros_ws/install/ur_moveit_config/lib/python3.11/site-packages/ur_moveit_config-2.6.0-py3.11.egg-info/PKG-INFO
[0.365s] -- Symlinking: /home/sann/ros_ws/install/ur_moveit_config/lib/python3.11/site-packages/ur_moveit_config-2.6.0-py3.11.egg-info/SOURCES.txt
[0.367s] -- Symlinking: /home/sann/ros_ws/install/ur_moveit_config/lib/python3.11/site-packages/ur_moveit_config-2.6.0-py3.11.egg-info/dependency_links.txt
[0.369s] -- Symlinking: /home/sann/ros_ws/install/ur_moveit_config/lib/python3.11/site-packages/ur_moveit_config-2.6.0-py3.11.egg-info/top_level.txt
[0.372s] -- Symlinking: /home/sann/ros_ws/install/ur_moveit_config/lib/python3.11/site-packages/ur_moveit_config/__init__.py
[0.374s] -- Symlinking: /home/sann/ros_ws/install/ur_moveit_config/lib/python3.11/site-packages/ur_moveit_config/launch_common.py
[0.376s] -- Symlinking: /home/sann/ros_ws/install/ur_moveit_config/lib/python3.11/site-packages/launch_common.py
[0.379s] -- Symlinking: /home/sann/ros_ws/install/ur_moveit_config/share/ament_index/resource_index/package_run_dependencies/ur_moveit_config
[0.381s] -- Symlinking: /home/sann/ros_ws/install/ur_moveit_config/share/ament_index/resource_index/parent_prefix_path/ur_moveit_config
[0.384s] -- Symlinking: /home/sann/ros_ws/install/ur_moveit_config/share/ur_moveit_config/environment/ament_prefix_path.sh
[0.386s] -- Symlinking: /home/sann/ros_ws/install/ur_moveit_config/share/ur_moveit_config/environment/ament_prefix_path.dsv
[0.389s] -- Symlinking: /home/sann/ros_ws/install/ur_moveit_config/share/ur_moveit_config/environment/path.sh
[0.392s] -- Symlinking: /home/sann/ros_ws/install/ur_moveit_config/share/ur_moveit_config/environment/path.dsv
[0.394s] -- Symlinking: /home/sann/ros_ws/install/ur_moveit_config/share/ur_moveit_config/local_setup.bash
[0.397s] -- Symlinking: /home/sann/ros_ws/install/ur_moveit_config/share/ur_moveit_config/local_setup.sh
[0.399s] -- Symlinking: /home/sann/ros_ws/install/ur_moveit_config/share/ur_moveit_config/local_setup.zsh
[0.402s] -- Symlinking: /home/sann/ros_ws/install/ur_moveit_config/share/ur_moveit_config/local_setup.dsv
[0.404s] -- Symlinking: /home/sann/ros_ws/install/ur_moveit_config/share/ur_moveit_config/package.dsv
[0.407s] -- Symlinking: /home/sann/ros_ws/install/ur_moveit_config/share/ament_index/resource_index/packages/ur_moveit_config
[0.409s] -- Symlinking: /home/sann/ros_ws/install/ur_moveit_config/share/ur_moveit_config/cmake/ur_moveit_configConfig.cmake
[0.411s] -- Symlinking: /home/sann/ros_ws/install/ur_moveit_config/share/ur_moveit_config/cmake/ur_moveit_configConfig-version.cmake
[0.414s] -- Symlinking: /home/sann/ros_ws/install/ur_moveit_config/share/ur_moveit_config/package.xml
[0.439s] Listing '/home/sann/ros_ws/install/ur_moveit_config/lib/python3.11/site-packages/ur_moveit_config'...
[0.439s] Compiling '/home/sann/ros_ws/install/ur_moveit_config/lib/python3.11/site-packages/ur_moveit_config/__init__.py'...
[0.439s] Compiling '/home/sann/ros_ws/install/ur_moveit_config/lib/python3.11/site-packages/ur_moveit_config/launch_common.py'...
[0.466s] Compiling '/home/sann/ros_ws/install/ur_moveit_config/lib/python3.11/site-packages/launch_common.py'...
