[0.018s] Invoking command in '/home/sann/ros_ws/build/ur_dashboard_msgs': CMAKE_PREFIX_PATH=/opt/ros/humble CONDA_PROMPT_MODIFIER=(base) /home/sann/anaconda3/bin/cmake /home/sann/ros_ws/src/Universal_Robots_ROS2_Driver/ur_dashboard_msgs -DAMENT_CMAKE_SYMLINK_INSTALL=1 -DCMAKE_INSTALL_PREFIX=/home/sann/ros_ws/install/ur_dashboard_msgs
[0.074s] [0mCMake Deprecation Warning at CMakeLists.txt:1 (cmake_minimum_required):
[0.074s]   Compatibility with CMake < 3.10 will be removed from a future version of
[0.074s]   CMake.
[0.074s] 
[0.074s]   Update the VERSION argument <min> value.  Or, use the <min>...<max> syntax
[0.074s]   to tell CMake that the project requires at least <min> but has been updated
[0.074s]   to work with policies introduced by <max> or earlier.
[0.074s] 
[0.074s] [0m
[0.105s] -- The C compiler identification is GNU 11.4.0
[0.151s] -- The CXX compiler identification is GNU 11.4.0
[0.157s] -- Detecting C compiler ABI info
[0.201s] -- Detecting C compiler ABI info - done
[0.218s] -- Check for working C compiler: /usr/bin/cc - skipped
[0.219s] -- Detecting C compile features
[0.219s] -- Detecting C compile features - done
[0.229s] -- Detecting CXX compiler ABI info
[0.283s] -- Detecting CXX compiler ABI info - done
[0.295s] -- Check for working CXX compiler: /usr/bin/c++ - skipped
[0.295s] -- Detecting CXX compile features
[0.296s] -- Detecting CXX compile features - done
[0.305s] -- Found ament_cmake: 1.3.11 (/opt/ros/humble/share/ament_cmake/cmake)
[0.411s] -- Found Python3: /home/sann/anaconda3/bin/python3 (found version "3.11.5") found components: Interpreter
[0.455s] -- Override CMake install command with custom implementation using symlinks instead of copying resources
[0.490s] -- Found rosidl_default_generators: 1.2.0 (/opt/ros/humble/share/rosidl_default_generators/cmake)
[0.493s] -- Using all available rosidl_typesupport_c: rosidl_typesupport_fastrtps_c;rosidl_typesupport_introspection_c
[0.500s] -- Found rosidl_adapter: 3.1.6 (/opt/ros/humble/share/rosidl_adapter/cmake)
[0.540s] -- Using all available rosidl_typesupport_cpp: rosidl_typesupport_fastrtps_cpp;rosidl_typesupport_introspection_cpp
[0.573s] -- Found action_msgs: 1.2.1 (/opt/ros/humble/share/action_msgs/cmake)
[0.745s] [31mCMake Error at /opt/ros/humble/share/rosidl_adapter/cmake/rosidl_adapt_interfaces.cmake:59 (message):
[0.745s]   execute_process(/home/sann/anaconda3/bin/python3 -m rosidl_adapter
[0.745s]   --package-name ur_dashboard_msgs --arguments-file
[0.745s]   /home/sann/ros_ws/build/ur_dashboard_msgs/rosidl_adapter__arguments__ur_dashboard_msgs.json
[0.745s]   --output-dir
[0.745s]   /home/sann/ros_ws/build/ur_dashboard_msgs/rosidl_adapter/ur_dashboard_msgs
[0.745s]   --output-file
[0.745s]   /home/sann/ros_ws/build/ur_dashboard_msgs/rosidl_adapter/ur_dashboard_msgs.idls)
[0.745s]   returned error code 1:
[0.745s] 
[0.745s]   Traceback (most recent call last):
[0.745s] 
[0.746s]     File "<frozen runpy>", line 198, in _run_module_as_main
[0.746s]     File "<frozen runpy>", line 88, in _run_code
[0.746s]     File "/opt/ros/humble/local/lib/python3.10/dist-packages/rosidl_adapter/__main__.py", line 19, in <module>
[0.746s]       sys.exit(main())
[0.746s]                ^^^^^^
[0.746s]     File "/opt/ros/humble/local/lib/python3.10/dist-packages/rosidl_adapter/main.py", line 53, in main
[0.746s]       abs_idl_file = convert_to_idl(
[0.746s]                      ^^^^^^^^^^^^^^^
[0.746s]     File "/opt/ros/humble/local/lib/python3.10/dist-packages/rosidl_adapter/__init__.py", line 18, in convert_to_idl
[0.746s]       from rosidl_adapter.msg import convert_msg_to_idl
[0.746s]     File "/opt/ros/humble/local/lib/python3.10/dist-packages/rosidl_adapter/msg/__init__.py", line 16, in <module>
[0.746s]       from rosidl_adapter.resource import expand_template
[0.746s]     File "/opt/ros/humble/local/lib/python3.10/dist-packages/rosidl_adapter/resource/__init__.py", line 19, in <module>
[0.746s]       import em
[0.746s] 
[0.746s]   ModuleNotFoundError: No module named 'em'
[0.746s] 
[0.746s] Call Stack (most recent call first):
[0.746s]   /opt/ros/humble/share/rosidl_cmake/cmake/rosidl_generate_interfaces.cmake:130 (rosidl_adapt_interfaces)
[0.746s]   CMakeLists.txt:32 (rosidl_generate_interfaces)
[0.746s] 
[0.746s] [0m
[0.746s] -- Configuring incomplete, errors occurred!
