[0.017s] Invoking command in '/home/sann/ros_ws/build/vision_processing': CONDA_PROMPT_MODIFIER=(base) /home/sann/anaconda3/bin/cmake /home/sann/ros_ws/src/vision_processing -DCMAKE_INSTALL_PREFIX=/home/sann/ros_ws/install/vision_processing
[0.070s] [0mCMake Deprecation Warning at CMakeLists.txt:1 (cmake_minimum_required):
[0.070s]   Compatibility with CMake < 3.10 will be removed from a future version of
[0.070s]   CMake.
[0.070s] 
[0.070s]   Update the VERSION argument <min> value.  Or, use the <min>...<max> syntax
[0.070s]   to tell CMake that the project requires at least <min> but has been updated
[0.070s]   to work with policies introduced by <max> or earlier.
[0.070s] 
[0.070s] [0m
[0.104s] -- The C compiler identification is GNU 11.4.0
[0.157s] -- The CXX compiler identification is GNU 11.4.0
[0.164s] -- Detecting C compiler ABI info
[0.216s] -- Detecting C compiler ABI info - done
[0.228s] -- Check for working C compiler: /usr/bin/cc - skipped
[0.228s] -- Detecting C compile features
[0.228s] -- Detecting C compile features - done
[0.237s] -- Detecting CXX compiler ABI info
[0.288s] -- Detecting CXX compiler ABI info - done
[0.300s] -- Check for working CXX compiler: /usr/bin/c++ - skipped
[0.300s] -- Detecting CXX compile features
[0.301s] -- Detecting CXX compile features - done
[0.311s] -- Found ament_cmake: 1.3.11 (/opt/ros/humble/share/ament_cmake/cmake)
[0.415s] -- Found Python3: /home/sann/anaconda3/bin/python3 (found version "3.11.5") found components: Interpreter
[0.541s] -- Found rclpy: 3.3.15 (/opt/ros/humble/share/rclpy/cmake)
[0.566s] [31mCMake Error at CMakeLists.txt:16 (find_package):
[0.566s]   By not providing "Findopen3d.cmake" in CMAKE_MODULE_PATH this project has
[0.566s]   asked CMake to find a package configuration file provided by "open3d", but
[0.566s]   CMake did not find one.
[0.566s] 
[0.566s]   Could not find a package configuration file provided by "open3d" with any
[0.566s]   of the following names:
[0.566s] 
[0.566s]     open3dConfig.cmake
[0.566s]     open3d-config.cmake
[0.566s] 
[0.566s]   Add the installation prefix of "open3d" to CMAKE_PREFIX_PATH or set
[0.566s]   "open3d_DIR" to a directory containing one of the above files.  If "open3d"
[0.567s]   provides a separate development package or SDK, be sure it has been
[0.567s]   installed.
[0.567s] 
[0.567s] [0m
[0.567s] -- Configuring incomplete, errors occurred!
