[0.016s] Invoking command in '/home/sann/ros_ws/build/ur_moveit_config': CMAKE_PREFIX_PATH=/home/sann/ros_ws/install/ur_client_library:/opt/ros/humble:/home/sann/ros_ws/install/my_robot_controller CONDA_PROMPT_MODIFIER=(base) /home/sann/anaconda3/bin/cmake --build /home/sann/ros_ws/build/ur_moveit_config -- -j28 -l28
[0.168s] Built target ament_cmake_python_symlink_ur_moveit_config
[0.221s] running egg_info
[0.231s] writing ur_moveit_config.egg-info/PKG-INFO
[0.231s] writing dependency_links to ur_moveit_config.egg-info/dependency_links.txt
[0.231s] writing top-level names to ur_moveit_config.egg-info/top_level.txt
[0.261s] reading manifest file 'ur_moveit_config.egg-info/SOURCES.txt'
[0.261s] writing manifest file 'ur_moveit_config.egg-info/SOURCES.txt'
[0.276s] Built target ament_cmake_python_build_ur_moveit_config_egg
[0.280s] Invoked command in '/home/sann/ros_ws/build/ur_moveit_config' returned '0': CMAKE_PREFIX_PATH=/home/sann/ros_ws/install/ur_client_library:/opt/ros/humble:/home/sann/ros_ws/install/my_robot_controller CONDA_PROMPT_MODIFIER=(base) /home/sann/anaconda3/bin/cmake --build /home/sann/ros_ws/build/ur_moveit_config -- -j28 -l28
[0.291s] Invoking command in '/home/sann/ros_ws/build/ur_moveit_config': CMAKE_PREFIX_PATH=/home/sann/ros_ws/install/ur_client_library:/opt/ros/humble:/home/sann/ros_ws/install/my_robot_controller CONDA_PROMPT_MODIFIER=(base) /home/sann/anaconda3/bin/cmake --install /home/sann/ros_ws/build/ur_moveit_config
[0.336s] -- Install configuration: ""
[0.336s] -- Execute custom install script
[0.337s] -- Up-to-date symlink: /home/sann/ros_ws/install/ur_moveit_config/share/ur_moveit_config/config/controllers.yaml
[0.337s] -- Up-to-date symlink: /home/sann/ros_ws/install/ur_moveit_config/share/ur_moveit_config/config/joint_limits.yaml
[0.337s] -- Up-to-date symlink: /home/sann/ros_ws/install/ur_moveit_config/share/ur_moveit_config/config/kinematics.yaml
[0.337s] -- Up-to-date symlink: /home/sann/ros_ws/install/ur_moveit_config/share/ur_moveit_config/config/ompl_planning.yaml
[0.337s] -- Up-to-date symlink: /home/sann/ros_ws/install/ur_moveit_config/share/ur_moveit_config/config/ur_servo.yaml
[0.337s] -- Up-to-date symlink: /home/sann/ros_ws/install/ur_moveit_config/share/ur_moveit_config/launch/ur_moveit.launch.py
[0.337s] -- Up-to-date symlink: /home/sann/ros_ws/install/ur_moveit_config/share/ur_moveit_config/rviz/view_robot.rviz
[0.337s] -- Up-to-date symlink: /home/sann/ros_ws/install/ur_moveit_config/share/ur_moveit_config/srdf/ur.srdf.xacro
[0.337s] -- Up-to-date symlink: /home/sann/ros_ws/install/ur_moveit_config/share/ur_moveit_config/srdf/ur_macro.srdf.xacro
[0.338s] -- Up-to-date symlink: /home/sann/ros_ws/install/ur_moveit_config/share/ur_moveit_config/environment/pythonpath.sh
[0.338s] -- Up-to-date symlink: /home/sann/ros_ws/install/ur_moveit_config/share/ur_moveit_config/environment/pythonpath.dsv
[0.338s] -- Up-to-date symlink: /home/sann/ros_ws/install/ur_moveit_config/lib/python3.11/site-packages/ur_moveit_config-2.6.0-py3.11.egg-info/PKG-INFO
[0.338s] -- Up-to-date symlink: /home/sann/ros_ws/install/ur_moveit_config/lib/python3.11/site-packages/ur_moveit_config-2.6.0-py3.11.egg-info/SOURCES.txt
[0.338s] -- Up-to-date symlink: /home/sann/ros_ws/install/ur_moveit_config/lib/python3.11/site-packages/ur_moveit_config-2.6.0-py3.11.egg-info/dependency_links.txt
[0.338s] -- Up-to-date symlink: /home/sann/ros_ws/install/ur_moveit_config/lib/python3.11/site-packages/ur_moveit_config-2.6.0-py3.11.egg-info/top_level.txt
[0.338s] -- Up-to-date symlink: /home/sann/ros_ws/install/ur_moveit_config/lib/python3.11/site-packages/ur_moveit_config/__init__.py
[0.339s] -- Up-to-date symlink: /home/sann/ros_ws/install/ur_moveit_config/lib/python3.11/site-packages/ur_moveit_config/launch_common.py
[0.339s] -- Up-to-date symlink: /home/sann/ros_ws/install/ur_moveit_config/lib/python3.11/site-packages/launch_common.py
[0.339s] -- Up-to-date symlink: /home/sann/ros_ws/install/ur_moveit_config/share/ament_index/resource_index/package_run_dependencies/ur_moveit_config
[0.339s] -- Up-to-date symlink: /home/sann/ros_ws/install/ur_moveit_config/share/ament_index/resource_index/parent_prefix_path/ur_moveit_config
[0.339s] -- Up-to-date symlink: /home/sann/ros_ws/install/ur_moveit_config/share/ur_moveit_config/environment/ament_prefix_path.sh
[0.339s] -- Up-to-date symlink: /home/sann/ros_ws/install/ur_moveit_config/share/ur_moveit_config/environment/ament_prefix_path.dsv
[0.339s] -- Up-to-date symlink: /home/sann/ros_ws/install/ur_moveit_config/share/ur_moveit_config/environment/path.sh
[0.339s] -- Up-to-date symlink: /home/sann/ros_ws/install/ur_moveit_config/share/ur_moveit_config/environment/path.dsv
[0.339s] -- Up-to-date symlink: /home/sann/ros_ws/install/ur_moveit_config/share/ur_moveit_config/local_setup.bash
[0.340s] -- Up-to-date symlink: /home/sann/ros_ws/install/ur_moveit_config/share/ur_moveit_config/local_setup.sh
[0.340s] -- Up-to-date symlink: /home/sann/ros_ws/install/ur_moveit_config/share/ur_moveit_config/local_setup.zsh
[0.340s] -- Up-to-date symlink: /home/sann/ros_ws/install/ur_moveit_config/share/ur_moveit_config/local_setup.dsv
[0.340s] -- Up-to-date symlink: /home/sann/ros_ws/install/ur_moveit_config/share/ur_moveit_config/package.dsv
[0.340s] -- Up-to-date symlink: /home/sann/ros_ws/install/ur_moveit_config/share/ament_index/resource_index/packages/ur_moveit_config
[0.340s] -- Up-to-date symlink: /home/sann/ros_ws/install/ur_moveit_config/share/ur_moveit_config/cmake/ur_moveit_configConfig.cmake
[0.340s] -- Up-to-date symlink: /home/sann/ros_ws/install/ur_moveit_config/share/ur_moveit_config/cmake/ur_moveit_configConfig-version.cmake
[0.340s] -- Up-to-date symlink: /home/sann/ros_ws/install/ur_moveit_config/share/ur_moveit_config/package.xml
[0.364s] Listing '/home/sann/ros_ws/install/ur_moveit_config/lib/python3.11/site-packages/ur_moveit_config'...
[0.395s] Invoked command in '/home/sann/ros_ws/build/ur_moveit_config' returned '0': CMAKE_PREFIX_PATH=/home/sann/ros_ws/install/ur_client_library:/opt/ros/humble:/home/sann/ros_ws/install/my_robot_controller CONDA_PROMPT_MODIFIER=(base) /home/sann/anaconda3/bin/cmake --install /home/sann/ros_ws/build/ur_moveit_config
