[0.018s] Invoking command in '/home/sann/ros_ws/build/custom_interfaces': CONDA_PROMPT_MODIFIER=(base) /home/sann/anaconda3/bin/cmake /home/sann/ros_ws/src/custom_interfaces -DCMAKE_INSTALL_PREFIX=/home/sann/ros_ws/install/custom_interfaces
[0.094s] [0mCMake Deprecation Warning at CMakeLists.txt:1 (cmake_minimum_required):
[0.094s]   Compatibility with CMake < 3.10 will be removed from a future version of
[0.094s]   CMake.
[0.094s] 
[0.094s]   Update the VERSION argument <min> value.  Or, use the <min>...<max> syntax
[0.094s]   to tell CMake that the project requires at least <min> but has been updated
[0.094s]   to work with policies introduced by <max> or earlier.
[0.094s] 
[0.094s] [0m
[0.102s] -- Found rosidl_default_generators: 1.2.0 (/opt/ros/humble/share/rosidl_default_generators/cmake)
[0.102s] -- Found ament_cmake_core: 1.3.11 (/opt/ros/humble/share/ament_cmake_core/cmake)
[0.252s] -- Using all available rosidl_typesupport_c: rosidl_typesupport_fastrtps_c;rosidl_typesupport_introspection_c
[0.256s] -- Found rosidl_adapter: 3.1.6 (/opt/ros/humble/share/rosidl_adapter/cmake)
[0.297s] -- Using all available rosidl_typesupport_cpp: rosidl_typesupport_fastrtps_cpp;rosidl_typesupport_introspection_cpp
[0.322s] -- Found action_msgs: 1.2.1 (/opt/ros/humble/share/action_msgs/cmake)
[0.357s] -- Found geometry_msgs: 4.2.4 (/opt/ros/humble/share/geometry_msgs/cmake)
[0.385s] [31mCMake Error at /opt/ros/humble/share/rosidl_cmake/cmake/rosidl_generate_interfaces.cmake:93 (message):
[0.385s]   rosidl_generate_interfaces() the passed file 'srv/QuantumPathPlan.srv'
[0.385s]   doesn't exist relative to the CMAKE_CURRENT_SOURCE_DIR
[0.385s]   '/home/sann/ros_ws/src/custom_interfaces'
[0.385s] Call Stack (most recent call first):
[0.385s]   CMakeLists.txt:12 (rosidl_generate_interfaces)
[0.385s] 
[0.385s] [0m
[0.385s] -- Configuring incomplete, errors occurred!
