[0.014s] Invoking command in '/home/sann/ros_ws/build/my_robot_controller': CONDA_PROMPT_MODIFIER=(base) /home/sann/anaconda3/bin/cmake /home/sann/ros_ws/src/my_robot_controller -DCATKIN_INSTALL_INTO_PREFIX_ROOT=0 -DCATKIN_SYMLINK_INSTALL=ON -DCMAKE_INSTALL_PREFIX=/home/sann/ros_ws/install/my_robot_controller
[0.073s] [0mCMake Deprecation Warning at CMakeLists.txt:1 (cmake_minimum_required):
[0.073s]   Compatibility with CMake < 3.10 will be removed from a future version of
[0.073s]   CMake.
[0.073s] 
[0.073s]   Update the VERSION argument <min> value.  Or, use the <min>...<max> syntax
[0.073s]   to tell CMake that the project requires at least <min> but has been updated
[0.073s]   to work with policies introduced by <max> or earlier.
[0.073s] 
[0.073s] [0m
[0.107s] -- The C compiler identification is GNU 11.4.0
[0.158s] -- The CXX compiler identification is GNU 11.4.0
[0.164s] -- Detecting C compiler ABI info
[0.205s] -- Detecting C compiler ABI info - done
[0.216s] -- Check for working C compiler: /usr/bin/cc - skipped
[0.217s] -- Detecting C compile features
[0.217s] -- Detecting C compile features - done
[0.227s] -- Detecting CXX compiler ABI info
[0.281s] -- Detecting CXX compiler ABI info - done
[0.294s] -- Check for working CXX compiler: /usr/bin/c++ - skipped
[0.295s] -- Detecting CXX compile features
[0.295s] -- Detecting CXX compile features - done
[0.306s] -- Found ament_cmake: 1.3.11 (/opt/ros/humble/share/ament_cmake/cmake)
[0.407s] -- Found Python3: /home/sann/anaconda3/bin/python3 (found version "3.11.5") found components: Interpreter
[0.532s] -- Found controller_interface: 2.48.0 (/opt/ros/humble/share/controller_interface/cmake)
[0.617s] -- Found rosidl_generator_c: 3.1.6 (/opt/ros/humble/share/rosidl_generator_c/cmake)
[0.629s] -- Found rosidl_adapter: 3.1.6 (/opt/ros/humble/share/rosidl_adapter/cmake)
[0.645s] -- Found rosidl_generator_cpp: 3.1.6 (/opt/ros/humble/share/rosidl_generator_cpp/cmake)
[0.663s] -- Using all available rosidl_typesupport_c: rosidl_typesupport_fastrtps_c;rosidl_typesupport_introspection_c
[0.689s] -- Using all available rosidl_typesupport_cpp: rosidl_typesupport_fastrtps_cpp;rosidl_typesupport_introspection_cpp
[1.006s] -- Found rmw_implementation_cmake: 6.1.2 (/opt/ros/humble/share/rmw_implementation_cmake/cmake)
[1.012s] -- Found rmw_fastrtps_cpp: 6.2.7 (/opt/ros/humble/share/rmw_fastrtps_cpp/cmake)
[1.055s] -- Found TinyXML2 via Config file: TinyXML2_DIR-NOTFOUND
[1.096s] -- Found OpenSSL: /usr/lib/x86_64-linux-gnu/libcrypto.so (found version "3.0.2")
[1.099s] -- Found TinyXML2 via Config file: TinyXML2_DIR-NOTFOUND
[1.111s] -- Found FastRTPS: /opt/ros/humble/include
[1.114s] -- Found TinyXML2 via Config file: TinyXML2_DIR-NOTFOUND
[1.121s] -- Found TinyXML2 via Config file: TinyXML2_DIR-NOTFOUND
[1.129s] -- Using RMW implementation 'rmw_fastrtps_cpp' as default
[1.149s] -- Performing Test CMAKE_HAVE_LIBC_PTHREAD
[1.210s] -- Performing Test CMAKE_HAVE_LIBC_PTHREAD - Success
[1.212s] -- Found Threads: TRUE
[1.332s] -- Configuring done (1.3s)
[1.349s] -- Generating done (0.0s)
[1.349s] [33mCMake Warning:
[1.349s]   Manually-specified variables were not used by the project:
[1.349s] 
[1.349s]     CATKIN_INSTALL_INTO_PREFIX_ROOT
[1.349s]     CATKIN_SYMLINK_INSTALL
[1.349s] 
[1.349s] [0m
[1.351s] -- Build files have been written to: /home/sann/ros_ws/build/my_robot_controller
