[0.179s] Invoking command in '/home/sann/ros_ws/build/vision_processing': CONDA_PROMPT_MODIFIER=(base) /home/sann/anaconda3/bin/cmake /home/sann/ros_ws/src/vision_processing -DCMAKE_INSTALL_PREFIX=/home/sann/ros_ws/install/vision_processing
[0.241s] -- Found ament_cmake: 1.3.11 (/opt/ros/humble/share/ament_cmake/cmake)
[0.392s] -- Found rclpy: 3.3.15 (/opt/ros/humble/share/rclpy/cmake)
[0.467s] [31mCMake Error at CMakeLists.txt:16 (find_package):
[0.467s]   By not providing "Findopen3d.cmake" in CMAKE_MODULE_PATH this project has
[0.467s]   asked CMake to find a package configuration file provided by "open3d", but
[0.467s]   CMake did not find one.
[0.467s] 
[0.467s]   Could not find a package configuration file provided by "open3d" with any
[0.467s]   of the following names:
[0.467s] 
[0.467s]     open3dConfig.cmake
[0.467s]     open3d-config.cmake
[0.467s] 
[0.467s]   Add the installation prefix of "open3d" to CMAKE_PREFIX_PATH or set
[0.467s]   "open3d_DIR" to a directory containing one of the above files.  If "open3d"
[0.467s]   provides a separate development package or SDK, be sure it has been
[0.467s]   installed.
[0.467s] 
[0.467s] [0m
[0.468s] -- Configuring incomplete, errors occurred!
[0.469s] Invoked command in '/home/sann/ros_ws/build/vision_processing' returned '1': CONDA_PROMPT_MODIFIER=(base) /home/sann/anaconda3/bin/cmake /home/sann/ros_ws/src/vision_processing -DCMAKE_INSTALL_PREFIX=/home/sann/ros_ws/install/vision_processing
