[0.169s] Invoking command in '/home/sann/ros_ws/build/vision_processing': CONDA_PROMPT_MODIFIER=(base) /home/sann/anaconda3/bin/cmake /home/sann/ros_ws/src/vision_processing -DCMAKE_INSTALL_PREFIX=/home/sann/ros_ws/install/vision_processing
[0.224s] [0mCMake Deprecation Warning at CMakeLists.txt:1 (cmake_minimum_required):
[0.224s]   Compatibility with CMake < 3.10 will be removed from a future version of
[0.224s]   CMake.
[0.224s] 
[0.224s]   Update the VERSION argument <min> value.  Or, use the <min>...<max> syntax
[0.224s]   to tell CMake that the project requires at least <min> but has been updated
[0.224s]   to work with policies introduced by <max> or earlier.
[0.224s] 
[0.224s] [0m
[0.227s] -- Found ament_cmake: 1.3.11 (/opt/ros/humble/share/ament_cmake/cmake)
[0.366s] -- Found rclpy: 3.3.15 (/opt/ros/humble/share/rclpy/cmake)
[0.392s] -- Configuring incomplete, errors occurred!
[0.392s] [31mCMake Error at CMakeLists.txt:16 (find_package):
[0.393s]   By not providing "Findopen3d.cmake" in CMAKE_MODULE_PATH this project has
[0.393s]   asked CMake to find a package configuration file provided by "open3d", but
[0.393s]   CMake did not find one.
[0.393s] 
[0.393s]   Could not find a package configuration file provided by "open3d" with any
[0.393s]   of the following names:
[0.393s] 
[0.393s]     open3dConfig.cmake
[0.393s]     open3d-config.cmake
[0.393s] 
[0.393s]   Add the installation prefix of "open3d" to CMAKE_PREFIX_PATH or set
[0.393s]   "open3d_DIR" to a directory containing one of the above files.  If "open3d"
[0.393s]   provides a separate development package or SDK, be sure it has been
[0.393s]   installed.
[0.393s] 
[0.393s] [0m
