[0.015s] Invoking command in '/home/sann/ros_ws/build/custom_interfaces': CONDA_PROMPT_MODIFIER=(base) /home/sann/anaconda3/bin/cmake /home/sann/ros_ws/src/custom_interfaces -DCMAKE_INSTALL_PREFIX=/home/sann/ros_ws/install/custom_interfaces
[0.078s] [0mCMake Deprecation Warning at CMakeLists.txt:1 (cmake_minimum_required):
[0.078s]   Compatibility with CMake < 3.10 will be removed from a future version of
[0.078s]   CMake.
[0.078s] 
[0.078s]   Update the VERSION argument <min> value.  Or, use the <min>...<max> syntax
[0.078s]   to tell CMake that the project requires at least <min> but has been updated
[0.078s]   to work with policies introduced by <max> or earlier.
[0.078s] 
[0.078s] [0m
[0.110s] -- The C compiler identification is GNU 11.4.0
[0.156s] -- The CXX compiler identification is GNU 11.4.0
[0.162s] -- Detecting C compiler ABI info
[0.209s] -- Detecting C compiler ABI info - done
[0.226s] -- Check for working C compiler: /usr/bin/cc - skipped
[0.227s] -- Detecting C compile features
[0.227s] -- Detecting C compile features - done
[0.237s] -- Detecting CXX compiler ABI info
[0.288s] -- Detecting CXX compiler ABI info - done
[0.304s] -- Check for working CXX compiler: /usr/bin/c++ - skipped
[0.304s] -- Detecting CXX compile features
[0.304s] -- Detecting CXX compile features - done
[0.315s] -- Found rosidl_default_generators: 1.2.0 (/opt/ros/humble/share/rosidl_default_generators/cmake)
[0.320s] -- Found ament_cmake_core: 1.3.11 (/opt/ros/humble/share/ament_cmake_core/cmake)
[0.419s] -- Found Python3: /home/sann/anaconda3/bin/python3 (found version "3.11.5") found components: Interpreter
[0.470s] -- Using all available rosidl_typesupport_c: rosidl_typesupport_fastrtps_c;rosidl_typesupport_introspection_c
[0.493s] -- Found rosidl_adapter: 3.1.6 (/opt/ros/humble/share/rosidl_adapter/cmake)
[0.645s] -- Using all available rosidl_typesupport_cpp: rosidl_typesupport_fastrtps_cpp;rosidl_typesupport_introspection_cpp
[0.703s] -- Found action_msgs: 1.2.1 (/opt/ros/humble/share/action_msgs/cmake)
[0.754s] -- Found geometry_msgs: 4.2.4 (/opt/ros/humble/share/geometry_msgs/cmake)
[0.783s] [31mCMake Error at /opt/ros/humble/share/rosidl_cmake/cmake/rosidl_generate_interfaces.cmake:93 (message):
[0.783s]   rosidl_generate_interfaces() the passed file 'srv/QuantumPathPlan.srv'
[0.783s]   doesn't exist relative to the CMAKE_CURRENT_SOURCE_DIR
[0.783s]   '/home/sann/ros_ws/src/custom_interfaces'
[0.783s] Call Stack (most recent call first):
[0.783s]   CMakeLists.txt:12 (rosidl_generate_interfaces)
[0.783s] 
[0.784s] [0m
[0.784s] -- Configuring incomplete, errors occurred!
