[0.022s] Invoking command in '/home/sann/ros_ws/build/ur_moveit_config': CMAKE_PREFIX_PATH=/path/to/open3d/cmake:/usr/lib/python3/dist-packages/open3d/cmake:/home/sann/ros_ws/install/ur_moveit_config:/home/sann/ros_ws/install/ur_client_library:/opt/ros/humble:/home/sann/ros_ws/install/my_robot_controller CONDA_PROMPT_MODIFIER=(base) /home/sann/anaconda3/bin/cmake --build /home/sann/ros_ws/build/ur_moveit_config -- -j28 -l28
[0.186s] Built target ament_cmake_python_symlink_ur_moveit_config
[0.298s] running egg_info
[0.312s] writing ur_moveit_config.egg-info/PKG-INFO
[0.312s] writing dependency_links to ur_moveit_config.egg-info/dependency_links.txt
[0.312s] writing top-level names to ur_moveit_config.egg-info/top_level.txt
[0.340s] reading manifest file 'ur_moveit_config.egg-info/SOURCES.txt'
[0.340s] writing manifest file 'ur_moveit_config.egg-info/SOURCES.txt'
[0.355s] Built target ament_cmake_python_build_ur_moveit_config_egg
[0.359s] Invoked command in '/home/sann/ros_ws/build/ur_moveit_config' returned '0': CMAKE_PREFIX_PATH=/path/to/open3d/cmake:/usr/lib/python3/dist-packages/open3d/cmake:/home/sann/ros_ws/install/ur_moveit_config:/home/sann/ros_ws/install/ur_client_library:/opt/ros/humble:/home/sann/ros_ws/install/my_robot_controller CONDA_PROMPT_MODIFIER=(base) /home/sann/anaconda3/bin/cmake --build /home/sann/ros_ws/build/ur_moveit_config -- -j28 -l28
[0.360s] Invoking command in '/home/sann/ros_ws/build/ur_moveit_config': CMAKE_PREFIX_PATH=/path/to/open3d/cmake:/usr/lib/python3/dist-packages/open3d/cmake:/home/sann/ros_ws/install/ur_moveit_config:/home/sann/ros_ws/install/ur_client_library:/opt/ros/humble:/home/sann/ros_ws/install/my_robot_controller CONDA_PROMPT_MODIFIER=(base) /home/sann/anaconda3/bin/cmake --install /home/sann/ros_ws/build/ur_moveit_config
[0.425s] -- Install configuration: ""
[0.425s] -- Execute custom install script
[0.426s] -- Up-to-date symlink: /home/sann/ros_ws/install/ur_moveit_config/share/ur_moveit_config/config/controllers.yaml
[0.426s] -- Up-to-date symlink: /home/sann/ros_ws/install/ur_moveit_config/share/ur_moveit_config/config/joint_limits.yaml
[0.426s] -- Up-to-date symlink: /home/sann/ros_ws/install/ur_moveit_config/share/ur_moveit_config/config/kinematics.yaml
[0.426s] -- Up-to-date symlink: /home/sann/ros_ws/install/ur_moveit_config/share/ur_moveit_config/config/ompl_planning.yaml
[0.426s] -- Up-to-date symlink: /home/sann/ros_ws/install/ur_moveit_config/share/ur_moveit_config/config/ur_servo.yaml
[0.427s] -- Up-to-date symlink: /home/sann/ros_ws/install/ur_moveit_config/share/ur_moveit_config/launch/ur_moveit.launch.py
[0.428s] -- Up-to-date symlink: /home/sann/ros_ws/install/ur_moveit_config/share/ur_moveit_config/rviz/view_robot.rviz
[0.428s] -- Up-to-date symlink: /home/sann/ros_ws/install/ur_moveit_config/share/ur_moveit_config/srdf/ur.srdf.xacro
[0.428s] -- Up-to-date symlink: /home/sann/ros_ws/install/ur_moveit_config/share/ur_moveit_config/srdf/ur_macro.srdf.xacro
[0.428s] -- Up-to-date symlink: /home/sann/ros_ws/install/ur_moveit_config/share/ur_moveit_config/environment/pythonpath.sh
[0.428s] -- Up-to-date symlink: /home/sann/ros_ws/install/ur_moveit_config/share/ur_moveit_config/environment/pythonpath.dsv
[0.429s] -- Up-to-date symlink: /home/sann/ros_ws/install/ur_moveit_config/lib/python3.11/site-packages/ur_moveit_config-2.6.0-py3.11.egg-info/PKG-INFO
[0.429s] -- Up-to-date symlink: /home/sann/ros_ws/install/ur_moveit_config/lib/python3.11/site-packages/ur_moveit_config-2.6.0-py3.11.egg-info/SOURCES.txt
[0.429s] -- Up-to-date symlink: /home/sann/ros_ws/install/ur_moveit_config/lib/python3.11/site-packages/ur_moveit_config-2.6.0-py3.11.egg-info/dependency_links.txt
[0.429s] -- Up-to-date symlink: /home/sann/ros_ws/install/ur_moveit_config/lib/python3.11/site-packages/ur_moveit_config-2.6.0-py3.11.egg-info/top_level.txt
[0.429s] -- Up-to-date symlink: /home/sann/ros_ws/install/ur_moveit_config/lib/python3.11/site-packages/ur_moveit_config/__init__.py
[0.429s] -- Up-to-date symlink: /home/sann/ros_ws/install/ur_moveit_config/lib/python3.11/site-packages/ur_moveit_config/launch_common.py
[0.429s] -- Up-to-date symlink: /home/sann/ros_ws/install/ur_moveit_config/lib/python3.11/site-packages/launch_common.py
[0.429s] -- Up-to-date symlink: /home/sann/ros_ws/install/ur_moveit_config/share/ament_index/resource_index/package_run_dependencies/ur_moveit_config
[0.429s] -- Up-to-date symlink: /home/sann/ros_ws/install/ur_moveit_config/share/ament_index/resource_index/parent_prefix_path/ur_moveit_config
[0.430s] -- Up-to-date symlink: /home/sann/ros_ws/install/ur_moveit_config/share/ur_moveit_config/environment/ament_prefix_path.sh
[0.430s] -- Up-to-date symlink: /home/sann/ros_ws/install/ur_moveit_config/share/ur_moveit_config/environment/ament_prefix_path.dsv
[0.430s] -- Up-to-date symlink: /home/sann/ros_ws/install/ur_moveit_config/share/ur_moveit_config/environment/path.sh
[0.430s] -- Up-to-date symlink: /home/sann/ros_ws/install/ur_moveit_config/share/ur_moveit_config/environment/path.dsv
[0.430s] -- Up-to-date symlink: /home/sann/ros_ws/install/ur_moveit_config/share/ur_moveit_config/local_setup.bash
[0.430s] -- Up-to-date symlink: /home/sann/ros_ws/install/ur_moveit_config/share/ur_moveit_config/local_setup.sh
[0.430s] -- Up-to-date symlink: /home/sann/ros_ws/install/ur_moveit_config/share/ur_moveit_config/local_setup.zsh
[0.430s] -- Up-to-date symlink: /home/sann/ros_ws/install/ur_moveit_config/share/ur_moveit_config/local_setup.dsv
[0.430s] -- Symlinking: /home/sann/ros_ws/install/ur_moveit_config/share/ur_moveit_config/package.dsv
[0.433s] -- Up-to-date symlink: /home/sann/ros_ws/install/ur_moveit_config/share/ament_index/resource_index/packages/ur_moveit_config
[0.433s] -- Up-to-date symlink: /home/sann/ros_ws/install/ur_moveit_config/share/ur_moveit_config/cmake/ur_moveit_configConfig.cmake
[0.433s] -- Up-to-date symlink: /home/sann/ros_ws/install/ur_moveit_config/share/ur_moveit_config/cmake/ur_moveit_configConfig-version.cmake
[0.433s] -- Up-to-date symlink: /home/sann/ros_ws/install/ur_moveit_config/share/ur_moveit_config/package.xml
[0.459s] Listing '/home/sann/ros_ws/install/ur_moveit_config/lib/python3.11/site-packages/ur_moveit_config'...
